c:\code\acquirewang\acquirewang\acquirewang\x64\release\vc140.pdb
c:\code\acquirewang\acquirewang\acquirewang\x64\release\timer.obj
c:\code\acquirewang\acquirewang\acquirewang\x64\release\serial.obj
c:\code\acquirewang\acquirewang\acquirewang\x64\release\main.obj
c:\code\acquirewang\acquirewang\acquirewang\x64\release\saver.obj
c:\code\acquirewang\acquirewang\acquirewang\x64\release\previewwindow.obj
c:\code\acquirewang\acquirewang\acquirewang\x64\release\debug.obj
c:\code\acquirewang\acquirewang\acquirewang\x64\release\acquirer.obj
c:\code\acquirewang\acquirewang\x64\release\acquirewang.exe
c:\code\acquirewang\acquirewang\x64\release\acquirewang.pdb
f:\bccho\code\acquisition\acquirewang\acquirewang\x64\release\acquirer.obj
f:\bccho\code\acquisition\acquirewang\acquirewang\x64\release\debug.obj
f:\bccho\code\acquisition\acquirewang\acquirewang\x64\release\main.obj
f:\bccho\code\acquisition\acquirewang\acquirewang\x64\release\previewwindow.obj
f:\bccho\code\acquisition\acquirewang\acquirewang\x64\release\saver.obj
f:\bccho\code\acquisition\acquirewang\acquirewang\x64\release\serial.obj
f:\bccho\code\acquisition\acquirewang\acquirewang\x64\release\timer.obj
f:\bccho\code\acquisition\acquirewang\acquirewang\x64\release\vc140.pdb
f:\bccho\code\acquisition\acquirewang\x64\release\acquirewang.pdb
f:\bccho\code\acquisition\acquirewang\x64\release\acquirewang.exe
f:\bccho\code\acquisition\acquirewang\acquirewang\x64\release\acquirewang.tlog\cl.command.1.tlog
f:\bccho\code\acquisition\acquirewang\acquirewang\x64\release\acquirewang.tlog\cl.read.1.tlog
f:\bccho\code\acquisition\acquirewang\acquirewang\x64\release\acquirewang.tlog\cl.write.1.tlog
f:\bccho\code\acquisition\acquirewang\acquirewang\x64\release\acquirewang.tlog\link.command.1.tlog
f:\bccho\code\acquisition\acquirewang\acquirewang\x64\release\acquirewang.tlog\link.read.1.tlog
f:\bccho\code\acquisition\acquirewang\acquirewang\x64\release\acquirewang.tlog\link.write.1.tlog
